d:\myproject\zzz-production-pipeline\dll\dll1\dll1\x64\release\vc143.pdb
d:\myproject\zzz-production-pipeline\dll\dll1\dll1\x64\release\nativeentry.obj
d:\myproject\zzz-production-pipeline\dll\dll1\x64\release\zzz_native_core.dll
d:\myproject\zzz-production-pipeline\dll\dll1\x64\release\zzz_native_core.pdb
d:\myproject\zzz-production-pipeline\dll\dll1\x64\release\zzz_native_core.lib
d:\myproject\zzz-production-pipeline\dll\dll1\x64\release\zzz_native_core.exp
d:\myproject\zzz-production-pipeline\dll\dll1\dll1\x64\release\zzz_native_core.ipdb
d:\myproject\zzz-production-pipeline\dll\dll1\dll1\x64\release\zzz_native_core.iobj
d:\myproject\zzz-production-pipeline\nativesource\dll\dll1\dll1\x64\release\dllmain.obj
d:\myproject\zzz-production-pipeline\nativesource\dll\dll1\dll1\x64\release\nativeentry.obj
d:\myproject\zzz-production-pipeline\nativesource\dll\dll1\dll1\x64\release\pch.obj
d:\myproject\zzz-production-pipeline\nativesource\dll\dll1\dll1\x64\release\zzz_native_core.ipdb
d:\myproject\zzz-production-pipeline\nativesource\dll\dll1\dll1\x64\release\zzz_native_core.iobj
d:\myproject\zzz-production-pipeline\nativesource\dll\dll1\dll1\x64\release\zzz_native_core.pch
d:\myproject\zzz-production-pipeline\nativesource\dll\dll1\dll1\x64\release\vc143.pdb
d:\myproject\zzz-production-pipeline\unityproject\thepipeline\assets\plugins\zzz_native_core.dll
d:\myproject\zzz-production-pipeline\nativesource\dll\dll1\dll1\x64\release\dll1.tlog\cl.command.1.tlog
d:\myproject\zzz-production-pipeline\nativesource\dll\dll1\dll1\x64\release\dll1.tlog\cl.items.tlog
d:\myproject\zzz-production-pipeline\nativesource\dll\dll1\dll1\x64\release\dll1.tlog\cl.read.1.tlog
d:\myproject\zzz-production-pipeline\nativesource\dll\dll1\dll1\x64\release\dll1.tlog\cl.write.1.tlog
d:\myproject\zzz-production-pipeline\nativesource\dll\dll1\dll1\x64\release\dll1.tlog\link.command.1.tlog
d:\myproject\zzz-production-pipeline\nativesource\dll\dll1\dll1\x64\release\dll1.tlog\link.read.1.tlog
d:\myproject\zzz-production-pipeline\nativesource\dll\dll1\dll1\x64\release\dll1.tlog\link.secondary.1.tlog
d:\myproject\zzz-production-pipeline\nativesource\dll\dll1\dll1\x64\release\dll1.tlog\link.write.1.tlog
